<?xml version="1.0" encoding="utf-8" ?>
<!DOCTYPE html PUBLIC "-//W3C//DTD XHTML 1.0 Strict//EN"
        "http://www.w3.org/TR/xhtml1/DTD/xhtml1-strict.dtd">
<html xmlns="http://www.w3.org/1999/xhtml" xml:lang="" lang="">
<head>
  <title>Test Results Report - Login Test</title>
  <meta http-equiv="Content-Type" content="text/html;charset=utf-8" />
  <meta name="description" content="TestNG unit test results." />
  <link href="reportng.css" rel="stylesheet" type="text/css" />
    <script type="text/javascript" src="reportng.js"></script>
</head>
<body>
<h1>Login Test</h1>
<p>
  Test duration: 66.150s
</p>



  <table class="resultsTable">
    <tr><th colspan="3" class="header failed">Failed Tests</th></tr>
          <tr>
        <td colspan="3" class="group">com.nocommerce.demo.testsuite.ComputerTest</td>
      </tr>
            
<tr>
  <td class="method">
                  verifyProductAddedToShoppingCartSuccessFully
      </td>
  <td class="duration">
    6.426s
  </td>
  <td class="result">
        
    
            <div class="testOutput">
                        clickOnComputer[[ChromeDriver: chrome on WINDOWS (c635bade0f5f437b5d1ca732d0fa2add)] -> xpath: //a[@href='/computers']]
                                clickOnDesktop[[ChromeDriver: chrome on WINDOWS (c635bade0f5f437b5d1ca732d0fa2add)] -> xpath: //h2[@class='title']//a]
                                getSelectByValue[[ChromeDriver: chrome on WINDOWS (c635bade0f5f437b5d1ca732d0fa2add)] -> xpath: //select[@name='products-orderby']]
                                getVerifyBuildYourOwn[[ChromeDriver: chrome on WINDOWS (c635bade0f5f437b5d1ca732d0fa2add)] -> xpath: //h1[contains(text(),'Build your own computer')]]
                                selectProcessorByValue[[ChromeDriver: chrome on WINDOWS (c635bade0f5f437b5d1ca732d0fa2add)] -> xpath: //select[@id='product_attribute_1']]
                                selectRamByValue[[ChromeDriver: chrome on WINDOWS (c635bade0f5f437b5d1ca732d0fa2add)] -> xpath: //select[@id='product_attribute_2']]
                                clickOnHDD400GB[[ChromeDriver: chrome on WINDOWS (c635bade0f5f437b5d1ca732d0fa2add)] -> xpath: //label[text()='400 GB [+$100.00]']]
                                clickOnOsVistaPremium[[ChromeDriver: chrome on WINDOWS (c635bade0f5f437b5d1ca732d0fa2add)] -> xpath: //label[text()='Vista Premium [+$60.00]']]
                                Click to see screenshot
                                <a target = "_blank" href=C:\Users\vimal\IdeaProjects\week15-maven-nop-commerce-demo-vimalp/test-output/html/verifyProductAddedToShoppingCartSuccessFullyWed_Dec_14_00_18_50_GMT_2022.jpg>Screenshot</a>
                                <br>
                                <br>
                                <a target = "_blank" href=C:\Users\vimal\IdeaProjects\week15-maven-nop-commerce-demo-vimalp/test-output/html/verifyProductAddedToShoppingCartSuccessFullyWed_Dec_14_00_18_50_GMT_2022.jpg><img src=C:\Users\vimal\IdeaProjects\week15-maven-nop-commerce-demo-vimalp/test-output/html/verifyProductAddedToShoppingCartSuccessFullyWed_Dec_14_00_18_50_GMT_2022.jpg height=200 width=200></img></a>
                  </div>
    

        <a href="javascript:toggleElement('exception-0', 'block')" title="Click to expand/collapse"><b>org.openqa.selenium.StaleElementReferenceException: stale element reference: element is not attached to the page document<br/>
&nbsp; (Session info: chrome=108.0.5359.99)<br/>
For documentation on this error, please visit: https://selenium.dev/exceptions/#stale_element_reference<br/>
Build info: version: &apos;4.6.0&apos;, revision: &apos;79f1c02ae20&apos;<br/>
System info: os.name: &apos;Windows 10&apos;, os.arch: &apos;amd64&apos;, os.version: &apos;10.0&apos;, java.version: &apos;1.8.0_121&apos;<br/>
Driver info: org.openqa.selenium.chrome.ChromeDriver<br/>
Command: [c635bade0f5f437b5d1ca732d0fa2add, actions {actions=[org.openqa.selenium.interactions.Sequence@375b5b7f]}]<br/>
Capabilities {acceptInsecureCerts: false, browserName: chrome, browserVersion: 108.0.5359.99, chrome: {chromedriverVersion: 108.0.5359.71 (1e0e3868ee06..., userDataDir: C:\Users\vimal\AppData\Loca...}, goog:chromeOptions: {debuggerAddress: localhost:62835}, networkConnectionEnabled: false, pageLoadStrategy: normal, platformName: WINDOWS, proxy: Proxy(), se:cdp: ws://localhost:62835/devtoo..., se:cdpVersion: 108.0.5359.99, setWindowRect: true, strictFileInteractability: false, timeouts: {implicit: 0, pageLoad: 300000, script: 30000}, unhandledPromptBehavior: dismiss and notify, webauthn:extension:credBlob: true, webauthn:extension:largeBlob: true, webauthn:virtualAuthenticators: true}<br/>
Session ID: c635bade0f5f437b5d1ca732d0fa2add</b></a><br />
    <div class="stackTrace" id="exception-0">
              sun.reflect.NativeConstructorAccessorImpl.newInstance0(Native Method)<br />
              sun.reflect.NativeConstructorAccessorImpl.newInstance(NativeConstructorAccessorImpl.java:62)<br />
              sun.reflect.DelegatingConstructorAccessorImpl.newInstance(DelegatingConstructorAccessorImpl.java:45)<br />
              java.lang.reflect.Constructor.newInstance(Constructor.java:423)<br />
              org.openqa.selenium.remote.codec.w3c.W3CHttpResponseCodec.createException(W3CHttpResponseCodec.java:200)<br />
              org.openqa.selenium.remote.codec.w3c.W3CHttpResponseCodec.decode(W3CHttpResponseCodec.java:133)<br />
              org.openqa.selenium.remote.codec.w3c.W3CHttpResponseCodec.decode(W3CHttpResponseCodec.java:53)<br />
              org.openqa.selenium.remote.HttpCommandExecutor.execute(HttpCommandExecutor.java:184)<br />
              org.openqa.selenium.remote.service.DriverCommandExecutor.invokeExecute(DriverCommandExecutor.java:167)<br />
              org.openqa.selenium.remote.service.DriverCommandExecutor.execute(DriverCommandExecutor.java:142)<br />
              org.openqa.selenium.remote.RemoteWebDriver.execute(RemoteWebDriver.java:541)<br />
              org.openqa.selenium.remote.RemoteWebDriver.perform(RemoteWebDriver.java:609)<br />
              org.openqa.selenium.interactions.Actions$BuiltAction.perform(Actions.java:567)<br />
              org.openqa.selenium.interactions.Actions.perform(Actions.java:536)<br />
              com.nocommerce.demo.utility.Utility.mouseHoverToElement(Utility.java:231)<br />
              com.nocommerce.demo.pages.ComputerPage.mouseHoverOnElementShoppingCart(ComputerPage.java:298)<br />
              com.nocommerce.demo.testsuite.ComputerTest.verifyProductAddedToShoppingCartSuccessFully(ComputerTest.java:42)<br />
              sun.reflect.NativeMethodAccessorImpl.invoke0(Native Method)<br />
              sun.reflect.NativeMethodAccessorImpl.invoke(NativeMethodAccessorImpl.java:62)<br />
              sun.reflect.DelegatingMethodAccessorImpl.invoke(DelegatingMethodAccessorImpl.java:43)<br />
              java.lang.reflect.Method.invoke(Method.java:498)<br />
              org.testng.internal.invokers.MethodInvocationHelper.invokeMethod(MethodInvocationHelper.java:135)<br />
              org.testng.internal.invokers.TestInvoker.invokeMethod(TestInvoker.java:673)<br />
              org.testng.internal.invokers.TestInvoker.invokeTestMethod(TestInvoker.java:220)<br />
              org.testng.internal.invokers.MethodRunner.runInSequence(MethodRunner.java:50)<br />
              org.testng.internal.invokers.TestInvoker$MethodInvocationAgent.invoke(TestInvoker.java:945)<br />
              org.testng.internal.invokers.TestInvoker.invokeTestMethods(TestInvoker.java:193)<br />
              org.testng.internal.invokers.TestMethodWorker.invokeTestMethods(TestMethodWorker.java:146)<br />
              org.testng.internal.invokers.TestMethodWorker.run(TestMethodWorker.java:128)<br />
              java.util.ArrayList.forEach(ArrayList.java:1249)<br />
              org.testng.TestRunner.privateRun(TestRunner.java:808)<br />
              org.testng.TestRunner.run(TestRunner.java:603)<br />
              org.testng.SuiteRunner.runTest(SuiteRunner.java:429)<br />
              org.testng.SuiteRunner.runSequentially(SuiteRunner.java:423)<br />
              org.testng.SuiteRunner.privateRun(SuiteRunner.java:383)<br />
              org.testng.SuiteRunner.run(SuiteRunner.java:326)<br />
              org.testng.SuiteRunnerWorker.runSuite(SuiteRunnerWorker.java:52)<br />
              org.testng.SuiteRunnerWorker.run(SuiteRunnerWorker.java:95)<br />
              org.testng.TestNG.runSuitesSequentially(TestNG.java:1249)<br />
              org.testng.TestNG.runSuitesLocally(TestNG.java:1169)<br />
              org.testng.TestNG.runSuites(TestNG.java:1092)<br />
              org.testng.TestNG.run(TestNG.java:1060)<br />
              com.intellij.rt.testng.IDEARemoteTestNG.run(IDEARemoteTestNG.java:66)<br />
              com.intellij.rt.testng.RemoteTestNGStarter.main(RemoteTestNGStarter.java:109)<br />
                </div>
      </td>
</tr>
          <tr>
        <td colspan="3" class="group">com.nocommerce.demo.testsuite.ElectronicsTest</td>
      </tr>
            
<tr>
  <td class="method">
                  verifyThatTheProductAddedSuccessfullyAndPlaceOrderSuccessfully
      </td>
  <td class="duration">
    30.255s
  </td>
  <td class="result">
        
    
            <div class="testOutput">
                        mouseHoverOnElectronics[[ChromeDriver: chrome on WINDOWS (82fff8bbd7b8d4ed76e86aa016eebcdb)] -> xpath: //body/div[6]/div[2]/ul[1]/li[2]/a[1]]
                                mouseHoverOnCellPhonesAndClick[[ChromeDriver: chrome on WINDOWS (82fff8bbd7b8d4ed76e86aa016eebcdb)] -> xpath: //body/div[6]/div[2]/ul[1]/li[2]/ul[1]/li[2]/a[1]]
                                verifyTextCellPhones[[ChromeDriver: chrome on WINDOWS (82fff8bbd7b8d4ed76e86aa016eebcdb)] -> xpath: //h1[contains(text(),'Cell phones')]]
                                Click to see screenshot
                                <a target = "_blank" href=C:\Users\vimal\IdeaProjects\week15-maven-nop-commerce-demo-vimalp/test-output/html/verifyThatTheProductAddedSuccessfullyAndPlaceOrderSuccessfullyWed_Dec_14_00_19_24_GMT_2022.jpg>Screenshot</a>
                                <br>
                                <br>
                                <a target = "_blank" href=C:\Users\vimal\IdeaProjects\week15-maven-nop-commerce-demo-vimalp/test-output/html/verifyThatTheProductAddedSuccessfullyAndPlaceOrderSuccessfullyWed_Dec_14_00_19_24_GMT_2022.jpg><img src=C:\Users\vimal\IdeaProjects\week15-maven-nop-commerce-demo-vimalp/test-output/html/verifyThatTheProductAddedSuccessfullyAndPlaceOrderSuccessfullyWed_Dec_14_00_19_24_GMT_2022.jpg height=200 width=200></img></a>
                  </div>
    

        <a href="javascript:toggleElement('exception-1', 'block')" title="Click to expand/collapse"><b>org.openqa.selenium.NoSuchElementException: no such element: Unable to locate element: {&quot;method&quot;:&quot;xpath&quot;,&quot;selector&quot;:&quot;product_enteredQuantity_20&quot;}<br/>
&nbsp; (Session info: chrome=108.0.5359.99)<br/>
For documentation on this error, please visit: https://selenium.dev/exceptions/#no_such_element<br/>
Build info: version: &apos;4.6.0&apos;, revision: &apos;79f1c02ae20&apos;<br/>
System info: os.name: &apos;Windows 10&apos;, os.arch: &apos;amd64&apos;, os.version: &apos;10.0&apos;, java.version: &apos;1.8.0_121&apos;<br/>
Driver info: org.openqa.selenium.chrome.ChromeDriver<br/>
Command: [82fff8bbd7b8d4ed76e86aa016eebcdb, findElement {using=xpath, value=product_enteredQuantity_20}]<br/>
Capabilities {acceptInsecureCerts: false, browserName: chrome, browserVersion: 108.0.5359.99, chrome: {chromedriverVersion: 108.0.5359.71 (1e0e3868ee06..., userDataDir: C:\Users\vimal\AppData\Loca...}, goog:chromeOptions: {debuggerAddress: localhost:62861}, networkConnectionEnabled: false, pageLoadStrategy: normal, platformName: WINDOWS, proxy: Proxy(), se:cdp: ws://localhost:62861/devtoo..., se:cdpVersion: 108.0.5359.99, setWindowRect: true, strictFileInteractability: false, timeouts: {implicit: 0, pageLoad: 300000, script: 30000}, unhandledPromptBehavior: dismiss and notify, webauthn:extension:credBlob: true, webauthn:extension:largeBlob: true, webauthn:virtualAuthenticators: true}<br/>
Session ID: 82fff8bbd7b8d4ed76e86aa016eebcdb</b></a><br />
    <div class="stackTrace" id="exception-1">
              sun.reflect.NativeConstructorAccessorImpl.newInstance0(Native Method)<br />
              sun.reflect.NativeConstructorAccessorImpl.newInstance(NativeConstructorAccessorImpl.java:62)<br />
              sun.reflect.DelegatingConstructorAccessorImpl.newInstance(DelegatingConstructorAccessorImpl.java:45)<br />
              java.lang.reflect.Constructor.newInstance(Constructor.java:423)<br />
              org.openqa.selenium.remote.codec.w3c.W3CHttpResponseCodec.createException(W3CHttpResponseCodec.java:200)<br />
              org.openqa.selenium.remote.codec.w3c.W3CHttpResponseCodec.decode(W3CHttpResponseCodec.java:133)<br />
              org.openqa.selenium.remote.codec.w3c.W3CHttpResponseCodec.decode(W3CHttpResponseCodec.java:53)<br />
              org.openqa.selenium.remote.HttpCommandExecutor.execute(HttpCommandExecutor.java:184)<br />
              org.openqa.selenium.remote.service.DriverCommandExecutor.invokeExecute(DriverCommandExecutor.java:167)<br />
              org.openqa.selenium.remote.service.DriverCommandExecutor.execute(DriverCommandExecutor.java:142)<br />
              org.openqa.selenium.remote.RemoteWebDriver.execute(RemoteWebDriver.java:541)<br />
              org.openqa.selenium.remote.ElementLocation$ElementFinder$2.findElement(ElementLocation.java:162)<br />
              org.openqa.selenium.remote.ElementLocation.findElement(ElementLocation.java:60)<br />
              org.openqa.selenium.remote.RemoteWebDriver.findElement(RemoteWebDriver.java:365)<br />
              org.openqa.selenium.remote.RemoteWebDriver.findElement(RemoteWebDriver.java:357)<br />
              org.openqa.selenium.support.pagefactory.DefaultElementLocator.findElement(DefaultElementLocator.java:70)<br />
              org.openqa.selenium.support.pagefactory.internal.LocatingElementHandler.invoke(LocatingElementHandler.java:39)<br />
              com.sun.proxy.$Proxy15.sendKeys(Unknown Source)<br />
              com.nocommerce.demo.utility.Utility.sendTextToElement(Utility.java:76)<br />
              com.nocommerce.demo.pages.ElectronicsPage.changeQuantityTo2(ElectronicsPage.java:316)<br />
              com.nocommerce.demo.testsuite.ElectronicsTest.verifyThatTheProductAddedSuccessfullyAndPlaceOrderSuccessfully(ElectronicsTest.java:35)<br />
              sun.reflect.NativeMethodAccessorImpl.invoke0(Native Method)<br />
              sun.reflect.NativeMethodAccessorImpl.invoke(NativeMethodAccessorImpl.java:62)<br />
              sun.reflect.DelegatingMethodAccessorImpl.invoke(DelegatingMethodAccessorImpl.java:43)<br />
              java.lang.reflect.Method.invoke(Method.java:498)<br />
              org.testng.internal.invokers.MethodInvocationHelper.invokeMethod(MethodInvocationHelper.java:135)<br />
              org.testng.internal.invokers.TestInvoker.invokeMethod(TestInvoker.java:673)<br />
              org.testng.internal.invokers.TestInvoker.invokeTestMethod(TestInvoker.java:220)<br />
              org.testng.internal.invokers.MethodRunner.runInSequence(MethodRunner.java:50)<br />
              org.testng.internal.invokers.TestInvoker$MethodInvocationAgent.invoke(TestInvoker.java:945)<br />
              org.testng.internal.invokers.TestInvoker.invokeTestMethods(TestInvoker.java:193)<br />
              org.testng.internal.invokers.TestMethodWorker.invokeTestMethods(TestMethodWorker.java:146)<br />
              org.testng.internal.invokers.TestMethodWorker.run(TestMethodWorker.java:128)<br />
              java.util.ArrayList.forEach(ArrayList.java:1249)<br />
              org.testng.TestRunner.privateRun(TestRunner.java:808)<br />
              org.testng.TestRunner.run(TestRunner.java:603)<br />
              org.testng.SuiteRunner.runTest(SuiteRunner.java:429)<br />
              org.testng.SuiteRunner.runSequentially(SuiteRunner.java:423)<br />
              org.testng.SuiteRunner.privateRun(SuiteRunner.java:383)<br />
              org.testng.SuiteRunner.run(SuiteRunner.java:326)<br />
              org.testng.SuiteRunnerWorker.runSuite(SuiteRunnerWorker.java:52)<br />
              org.testng.SuiteRunnerWorker.run(SuiteRunnerWorker.java:95)<br />
              org.testng.TestNG.runSuitesSequentially(TestNG.java:1249)<br />
              org.testng.TestNG.runSuitesLocally(TestNG.java:1169)<br />
              org.testng.TestNG.runSuites(TestNG.java:1092)<br />
              org.testng.TestNG.run(TestNG.java:1060)<br />
              com.intellij.rt.testng.IDEARemoteTestNG.run(IDEARemoteTestNG.java:66)<br />
              com.intellij.rt.testng.RemoteTestNGStarter.main(RemoteTestNGStarter.java:109)<br />
                </div>
      </td>
</tr>
      </table>


  <table class="resultsTable">
    <tr><th colspan="3" class="header passed">Passed Tests</th></tr>
          <tr>
        <td colspan="3" class="group">com.nocommerce.demo.testsuite.ElectronicsTest</td>
      </tr>
            
<tr>
  <td class="method">
                  verifyUserShouldNavigateToCellPhonesPageSuccessfully
      </td>
  <td class="duration">
    1.606s
  </td>
  <td class="result">
        
    
            <div class="testOutput">
                        mouseHoverOnElectronics[[ChromeDriver: chrome on WINDOWS (324e809f3789a3d42b307c530aa95546)] -> xpath: //body/div[6]/div[2]/ul[1]/li[2]/a[1]]
                                mouseHoverOnCellPhonesAndClick[[ChromeDriver: chrome on WINDOWS (324e809f3789a3d42b307c530aa95546)] -> xpath: //body/div[6]/div[2]/ul[1]/li[2]/ul[1]/li[2]/a[1]]
                                verifyTextCellPhones[[ChromeDriver: chrome on WINDOWS (324e809f3789a3d42b307c530aa95546)] -> xpath: //h1[contains(text(),'Cell phones')]]
                  </div>
    

      </td>
</tr>
          <tr>
        <td colspan="3" class="group">com.nocommerce.demo.testsuite.HomePageTest</td>
      </tr>
            
<tr>
  <td class="method">
                  verifyUserShouldNavigateToApparel
      </td>
  <td class="duration">
    1.889s
  </td>
  <td class="result">
        
    
            <div class="testOutput">
                        getVerifyApparel[[ChromeDriver: chrome on WINDOWS (3087855270508992409d1fcd7e79aba2)] -> xpath: //a[@href='/apparel']]
                  </div>
    

      </td>
</tr>
<tr>
  <td class="method">
                  verifyUserShouldNavigateToComputer
      </td>
  <td class="duration">
    1.451s
  </td>
  <td class="result">
        
    
            <div class="testOutput">
                        getVerifyComputer[[ChromeDriver: chrome on WINDOWS (5cf0e5a2e6cf6629e9e21eb7c0fbc9b5)] -> xpath: //a[@href='/computers']]
                  </div>
    

      </td>
</tr>
<tr>
  <td class="method">
                  verifyUserShouldNavigateToElectronics
      </td>
  <td class="duration">
    1.095s
  </td>
  <td class="result">
        
    
            <div class="testOutput">
                        getVerifyElectronics[[ChromeDriver: chrome on WINDOWS (116e6abc0b3ad4c9f64f254d30e78e1c)] -> xpath: //a[@href='/electronics']]
                  </div>
    

      </td>
</tr>
      </table>
  
</body>
</html>
